<?xml version="1.0" encoding="UTF-8"?>
<testsuite xmlns:xsi="http://www.w3.org/2001/XMLSchema-instance" xsi:noNamespaceSchemaLocation="https://maven.apache.org/surefire/maven-surefire-plugin/xsd/surefire-test-report-3.0.xsd" version="3.0" name="managment.LibraryManagerTest" time="0.188" tests="8" errors="0" skipped="0" failures="0">
  <properties>
[...]
</properties>
  <testcase name="addBook" classname="managment.LibraryManagerTest" time="0.077">
    <system-out><![CDATA[
Book { title='book', author='author', publicationYear='1950', ISBN='11111-0', is borrowed='false' }

Book { title='book1', author='author1', publicationYear='1950', ISBN='11111-1', is borrowed='false' }

Book { title='book', author='author', publicationYear='1950', ISBN='11111-0', is borrowed='false' }

Book { title='book1', author='author1', publicationYear='1950', ISBN='11111-1', is borrowed='false' }

Book { title='book', author='author', publicationYear='1950', ISBN='11111-0', is borrowed='false' }

Book { title='book1', author='author1', publicationYear='1950', ISBN='11111-1', is borrowed='false' }
]]></system-out>
  </testcase>
  <testcase name="borrowABookThatIsAvailable" classname="managment.LibraryManagerTest" time="0.038">
    <system-out><![CDATA[Book book has just been hired from User.
To be delivered on : 2023-10-07
Book:  book
Author: author
Book:  book
Author: author
Book:  book
Author: author
]]></system-out>
  </testcase>
  <testcase name="borrowABookThatIsNotAvailable" classname="managment.LibraryManagerTest" time="0.007">
    <system-out><![CDATA[Book book1 is not available in our  Library
User User has not borrowed any books
]]></system-out>
  </testcase>
  <testcase name="borrowABookThatWasAlreadyBorrowed" classname="managment.LibraryManagerTest" time="0.004">
    <system-out><![CDATA[Book book has just been hired from User.
To be delivered on : 2023-10-07
Book book is not available in our  Library
User User1 has not borrowed any books
]]></system-out>
  </testcase>
  <testcase name="getBorrowingBooksByUser" classname="managment.LibraryManagerTest" time="0.002">
    <system-out><![CDATA[Book book has just been hired from User.
To be delivered on : 2023-10-07
Book book1 has just been hired from User.
To be delivered on : 2023-10-07
Book:  book
Author: author
Book:  book1
Author: author1
]]></system-out>
  </testcase>
  <testcase name="getInstance" classname="managment.LibraryManagerTest" time="0.002"/>
  <testcase name="returnBookThatWasBorrowed" classname="managment.LibraryManagerTest" time="0.002">
    <system-out><![CDATA[Book book has just been hired from User.
To be delivered on : 2023-10-07
User returned the book : book
]]></system-out>
  </testcase>
  <testcase name="returnBookThatWasNotBorrowed" classname="managment.LibraryManagerTest" time="0.002">
    <system-out><![CDATA[Book book has just been hired from User.
To be delivered on : 2023-10-07
No borrowing found for User and the book book1
]]></system-out>
  </testcase>
</testsuite>